# JRE version: OpenJDK Runtime Environment Microsoft-11369865 (17.0.15+6) (build 17.0.15+6-LTS)
# Java VM: OpenJDK 64-Bit Server VM Microsoft-11369865 (17.0.15+6-LTS, mixed mode, sharing, tiered, compressed oops, compressed class ptrs, g1 gc, windows-amd64)
GC Precious Log:
 CPUs: 4 total, 4 available
 Memory: 8108M
 Large Page Support: Disabled
 NUMA Support: Disabled
 Compressed Oops: Enabled (32-bit)
 Heap Region Size: 1M
 Heap Min Capacity: 8M
 Heap Initial Capacity: 128M
 Heap Max Capacity: 2028M
 Pre-touch: Disabled
 Parallel Workers: 4
 Concurrent Workers: 1
 Concurrent Refinement Workers: 4
 Periodic GC: Disabled
Heap:
 garbage-first heap   total 157696K, used 86250K [0x0000000081400000, 0x0000000100000000)
  region size 1024K, 24 young (24576K), 6 survivors (6144K)
 Metaspace       used 38012K, committed 38336K, reserved 1114112K
  class space    used 4400K, committed 4544K, reserved 1048576K
GC Heap History (20 events):
Event: 2.441 GC heap before
{Heap before GC invocations=2 (full 0):
 garbage-first heap   total 131072K, used 30863K [0x0000000081400000, 0x0000000100000000)
  region size 1024K, 27 young (27648K), 2 survivors (2048K)
 Metaspace       used 8710K, committed 8832K, reserved 1114112K
  class space    used 773K, committed 832K, reserved 1048576K
}
Event: 2.452 GC heap after
{Heap after GC invocations=3 (full 0):
 garbage-first heap   total 131072K, used 11563K [0x0000000081400000, 0x0000000100000000)
  region size 1024K, 4 young (4096K), 4 survivors (4096K)
 Metaspace       used 8710K, committed 8832K, reserved 1114112K
  class space    used 773K, committed 832K, reserved 1048576K
}
Event: 3.577 GC heap before
{Heap before GC invocations=3 (full 0):
 garbage-first heap   total 131072K, used 54571K [0x0000000081400000, 0x0000000100000000)
  region size 1024K, 46 young (47104K), 4 survivors (4096K)
 Metaspace       used 12063K, committed 12224K, reserved 1114112K
  class space    used 1129K, committed 1216K, reserved 1048576K
}
Event: 3.593 GC heap after
{Heap after GC invocations=4 (full 0):
 garbage-first heap   total 131072K, used 19857K [0x0000000081400000, 0x0000000100000000)
  region size 1024K, 6 young (6144K), 6 survivors (6144K)
 Metaspace       used 12063K, committed 12224K, reserved 1114112K
  class space    used 1129K, committed 1216K, reserved 1048576K
}
Event: 4.581 GC heap before
{Heap before GC invocations=4 (full 0):
 garbage-first heap   total 131072K, used 77201K [0x0000000081400000, 0x0000000100000000)
  region size 1024K, 62 young (63488K), 6 survivors (6144K)
 Metaspace       used 14764K, committed 14912K, reserved 1114112K
  class space    used 1406K, committed 1472K, reserved 1048576K
}
Event: 4.602 GC heap after
{Heap after GC invocations=5 (full 0):
 garbage-first heap   total 131072K, used 28644K [0x0000000081400000, 0x0000000100000000)
  region size 1024K, 8 young (8192K), 8 survivors (8192K)
 Metaspace       used 14764K, committed 14912K, reserved 1114112K
  class space    used 1406K, committed 1472K, reserved 1048576K
}
Event: 5.807 GC heap before
{Heap before GC invocations=5 (full 0):
 garbage-first heap   total 131072K, used 82916K [0x0000000081400000, 0x0000000100000000)
  region size 1024K, 61 young (62464K), 8 survivors (8192K)
 Metaspace       used 18454K, committed 18752K, reserved 1114112K
  class space    used 1924K, committed 2048K, reserved 1048576K
}
Event: 5.831 GC heap after
{Heap after GC invocations=6 (full 0):
 garbage-first heap   total 131072K, used 35510K [0x0000000081400000, 0x0000000100000000)
  region size 1024K, 8 young (8192K), 8 survivors (8192K)
 Metaspace       used 18454K, committed 18752K, reserved 1114112K
  class space    used 1924K, committed 2048K, reserved 1048576K
}
Event: 6.688 GC heap before
{Heap before GC invocations=6 (full 0):
 garbage-first heap   total 131072K, used 88758K [0x0000000081400000, 0x0000000100000000)
  region size 1024K, 60 young (61440K), 8 survivors (8192K)
 Metaspace       used 20780K, committed 21120K, reserved 1114112K
  class space    used 2154K, committed 2304K, reserved 1048576K
}
Event: 6.706 GC heap after
{Heap after GC invocations=7 (full 0):
 garbage-first heap   total 157696K, used 45056K [0x0000000081400000, 0x0000000100000000)
  region size 1024K, 8 young (8192K), 8 survivors (8192K)
 Metaspace       used 20780K, committed 21120K, reserved 1114112K
  class space    used 2154K, committed 2304K, reserved 1048576K
}
Event: 6.837 GC heap before
{Heap before GC invocations=7 (full 0):
 garbage-first heap   total 157696K, used 57344K [0x0000000081400000, 0x0000000100000000)
  region size 1024K, 21 young (21504K), 8 survivors (8192K)
 Metaspace       used 21247K, committed 21504K, reserved 1114112K
  class space    used 2209K, committed 2304K, reserved 1048576K
}
Event: 6.853 GC heap after
{Heap after GC invocations=8 (full 0):
 garbage-first heap   total 157696K, used 47867K [0x0000000081400000, 0x0000000100000000)
  region size 1024K, 2 young (2048K), 2 survivors (2048K)
 Metaspace       used 21247K, committed 21504K, reserved 1114112K
  class space    used 2209K, committed 2304K, reserved 1048576K
}
Event: 8.246 GC heap before
{Heap before GC invocations=9 (full 0):
 garbage-first heap   total 157696K, used 111355K [0x0000000081400000, 0x0000000100000000)
  region size 1024K, 64 young (65536K), 2 survivors (2048K)
 Metaspace       used 24769K, committed 25088K, reserved 1114112K
  class space    used 2718K, committed 2880K, reserved 1048576K
}
Event: 8.255 GC heap after
{Heap after GC invocations=10 (full 0):
 garbage-first heap   total 157696K, used 52370K [0x0000000081400000, 0x0000000100000000)
  region size 1024K, 7 young (7168K), 7 survivors (7168K)
 Metaspace       used 24769K, committed 25088K, reserved 1114112K
  class space    used 2718K, committed 2880K, reserved 1048576K
}
Event: 8.285 GC heap before
{Heap before GC invocations=10 (full 0):
 garbage-first heap   total 157696K, used 53394K [0x0000000081400000, 0x0000000100000000)
  region size 1024K, 8 young (8192K), 7 survivors (7168K)
 Metaspace       used 24829K, committed 25152K, reserved 1114112K
  class space    used 2730K, committed 2880K, reserved 1048576K
}
Event: 8.295 GC heap after
{Heap after GC invocations=11 (full 0):
 garbage-first heap   total 157696K, used 52209K [0x0000000081400000, 0x0000000100000000)
  region size 1024K, 1 young (1024K), 1 survivors (1024K)
 Metaspace       used 24829K, committed 25152K, reserved 1114112K
  class space    used 2730K, committed 2880K, reserved 1048576K
}
Event: 9.535 GC heap before
{Heap before GC invocations=11 (full 0):
 garbage-first heap   total 157696K, used 116721K [0x0000000081400000, 0x0000000100000000)
  region size 1024K, 64 young (65536K), 1 survivors (1024K)
 Metaspace       used 29378K, committed 29760K, reserved 1114112K
  class space    used 3222K, committed 3392K, reserved 1048576K
}
Event: 9.549 GC heap after
{Heap after GC invocations=12 (full 0):
 garbage-first heap   total 157696K, used 62464K [0x0000000081400000, 0x0000000100000000)
  region size 1024K, 8 young (8192K), 8 survivors (8192K)
 Metaspace       used 29378K, committed 29760K, reserved 1114112K
  class space    used 3222K, committed 3392K, reserved 1048576K
}
Event: 12.759 GC heap before
{Heap before GC invocations=12 (full 0):
 garbage-first heap   total 157696K, used 113664K [0x0000000081400000, 0x0000000100000000)
  region size 1024K, 59 young (60416K), 8 survivors (8192K)
 Metaspace       used 36068K, committed 36416K, reserved 1114112K
  class space    used 4116K, committed 4288K, reserved 1048576K
}
Event: 12.775 GC heap after
{Heap after GC invocations=13 (full 0):
 garbage-first heap   total 157696K, used 68842K [0x0000000081400000, 0x0000000100000000)
  region size 1024K, 6 young (6144K), 6 survivors (6144K)
 Metaspace       used 36068K, committed 36416K, reserved 1114112K
  class space    used 4116K, committed 4288K, reserved 1048576K
}

